<?xml version="1.0" encoding="UTF-8"?>
<!-- Generated by org.testng.reporters.JUnitReportReporter -->
<testsuite hostname="DESKTOP-M9TKJRV" failures="0" tests="6" name="preparation.TestngTest" time="0.027" errors="0" timestamp="2024-12-29T13:44:54 IST" skipped="0">
  <testcase classname="preparation.TestngTest" name="loginWithMultiple" time="0.005"/>
  <testcase classname="preparation.TestngTest" name="printUName" time="0.006"/>
  <testcase classname="preparation.TestngTest" name="loginWithMultiple" time="0.005"/>
  <testcase classname="preparation.TestngTest" name="loginWithMultiple" time="0.008"/>
  <testcase classname="preparation.TestngTest" name="printUName" time="0.001"/>
  <testcase classname="preparation.TestngTest" name="printUName" time="0.002"/>
</testsuite> <!-- preparation.TestngTest -->
